


ARM Macro Assembler    Page 1 


    1 00000000         ;/* Copyright Statement:
    2 00000000         ; *
    3 00000000         ; * (C) 2005-2016  MediaTek Inc. All rights reserved.
    4 00000000         ; *
    5 00000000         ; * This software/firmware and related documentation ("M
                       ediaTek Software") are
    6 00000000         ; * protected under relevant copyright laws. The informa
                       tion contained herein
    7 00000000         ; * is confidential and proprietary to MediaTek Inc. ("M
                       ediaTek") and/or its licensors.
    8 00000000         ; * Without the prior written permission of MediaTek and
                       /or its licensors,
    9 00000000         ; * any reproduction, modification, use or disclosure of
                        MediaTek Software,
   10 00000000         ; * and information contained herein, in whole or in par
                       t, shall be strictly prohibited.
   11 00000000         ; * You may only use, reproduce, modify, or distribute (
                       as applicable) MediaTek Software
   12 00000000         ; * if you have agreed to and been bound by the applicab
                       le license agreement with
   13 00000000         ; * MediaTek ("License Agreement") and been granted expl
                       icit permission to do so within
   14 00000000         ; * the License Agreement ("Permitted User").  If you ar
                       e not a Permitted User,
   15 00000000         ; * please cease any access or use of MediaTek Software 
                       immediately.
   16 00000000         ; * BY OPENING THIS FILE, RECEIVER HEREBY UNEQUIVOCALLY 
                       ACKNOWLEDGES AND AGREES
   17 00000000         ; * THAT MEDIATEK SOFTWARE RECEIVED FROM MEDIATEK AND/OR
                        ITS REPRESENTATIVES
   18 00000000         ; * ARE PROVIDED TO RECEIVER ON AN "AS-IS" BASIS ONLY. M
                       EDIATEK EXPRESSLY DISCLAIMS ANY AND ALL
   19 00000000         ; * WARRANTIES, EXPRESS OR IMPLIED, INCLUDING BUT NOT LI
                       MITED TO THE IMPLIED WARRANTIES OF
   20 00000000         ; * MERCHANTABILITY, FITNESS FOR A PARTICULAR PURPOSE OR
                        NONINFRINGEMENT.
   21 00000000         ; * NEITHER DOES MEDIATEK PROVIDE ANY WARRANTY WHATSOEVE
                       R WITH RESPECT TO THE
   22 00000000         ; * SOFTWARE OF ANY THIRD PARTY WHICH MAY BE USED BY, IN
                       CORPORATED IN, OR
   23 00000000         ; * SUPPLIED WITH MEDIATEK SOFTWARE, AND RECEIVER AGREES
                        TO LOOK ONLY TO SUCH
   24 00000000         ; * THIRD PARTY FOR ANY WARRANTY CLAIM RELATING THERETO.
                        RECEIVER EXPRESSLY ACKNOWLEDGES
   25 00000000         ; * THAT IT IS RECEIVER'S SOLE RESPONSIBILITY TO OBTAIN 
                       FROM ANY THIRD PARTY ALL PROPER LICENSES
   26 00000000         ; * CONTAINED IN MEDIATEK SOFTWARE. MEDIATEK SHALL ALSO 
                       NOT BE RESPONSIBLE FOR ANY MEDIATEK
   27 00000000         ; * SOFTWARE RELEASES MADE TO RECEIVER'S SPECIFICATION O
                       R TO CONFORM TO A PARTICULAR
   28 00000000         ; * STANDARD OR OPEN FORUM. RECEIVER'S SOLE AND EXCLUSIV
                       E REMEDY AND MEDIATEK'S ENTIRE AND
   29 00000000         ; * CUMULATIVE LIABILITY WITH RESPECT TO MEDIATEK SOFTWA
                       RE RELEASED HEREUNDER WILL BE,
   30 00000000         ; * AT MEDIATEK'S OPTION, TO REVISE OR REPLACE MEDIATEK 
                       SOFTWARE AT ISSUE,
   31 00000000         ; * OR REFUND ANY SOFTWARE LICENSE FEES OR SERVICE CHARG
                       E PAID BY RECEIVER TO
   32 00000000         ; * MEDIATEK FOR SUCH MEDIATEK SOFTWARE AT ISSUE.



ARM Macro Assembler    Page 2 


   33 00000000         ; */
   34 00000000         
   35 00000000         ; main stack allocates at end of TCM, which is determine
                       d by scatter file
   36 00000000 00001000 
                       Stack_Size
                               EQU              0x1000
   37 00000000         
   38 00000000                 AREA             STACK, NOINIT, READWRITE, ALIGN
=3
   39 00000000         Stack_Mem
                               SPACE            Stack_Size
   40 00001000         __initial_sp
   41 00001000         
   42 00001000         ; Macro defines
   43 00001000 A2050000 
                       WDT_Base
                               EQU              0xA2050000
   44 00001000 00002200 
                       WDT_Disable
                               EQU              0x2200
   45 00001000 A0881000 
                       Remap_Base
                               EQU              0xA0881000
   46 00001000 10000023 
                       Remap_Entry_HI0
                               EQU              0x10000023
   47 00001000 00000000 
                       Remap_Entry_LO0
                               EQU              0x0
   48 00001000         
   49 00001000         
   50 00001000                 PRESERVE8
   51 00001000                 THUMB
   52 00001000         
   53 00001000         ; Vector Table Mapped to head of RAM
   54 00001000                 AREA             |.isr_vector|, DATA, READONLY
   55 00000000                 EXPORT           __Vectors
   56 00000000                 EXPORT           __Vectors_End
   57 00000000                 EXPORT           __Vectors_Size
   58 00000000         
   59 00000000 00000000 
                       __Vectors
                               DCD              __initial_sp ; Top of Stack
   60 00000004 00000000        DCD              Reset_Handler ; Reset Handler
   61 00000008 00000000        DCD              NMI_Handler ; NMI Handler
   62 0000000C 00000000        DCD              HardFault_Handler ; Hard Fault 
                                                            Handler
   63 00000010 00000000        DCD              MemManage_Handler 
                                                            ; MPU Fault Handler
                                                            
   64 00000014 00000000        DCD              BusFault_Handler 
                                                            ; Bus Fault Handler
                                                            
   65 00000018 00000000        DCD              UsageFault_Handler ; Usage Faul
                                                            t Handler
   66 0000001C 00000000        DCD              0           ; Reserved
   67 00000020 00000000        DCD              0           ; Reserved
   68 00000024 00000000        DCD              0           ; Reserved



ARM Macro Assembler    Page 3 


   69 00000028 00000000        DCD              0           ; Reserved
   70 0000002C 00000000        DCD              SVC_Handler ; SVCall Handler
   71 00000030 00000000        DCD              DebugMon_Handler ; Debug Monito
                                                            r Handler
   72 00000034 00000000        DCD              0           ; Reserved
   73 00000038 00000000        DCD              PendSV_Handler ; PendSV Handler
                                                            
   74 0000003C 00000000        DCD              SysTick_Handler 
                                                            ; SysTick Handler
   75 00000040         
   76 00000040         ; External Interrupts 
   77 00000040 00000000        DCD              isrC_main   ;16:  OS timer
   78 00000044 00000000        DCD              isrC_main   ;17:  Reserved
   79 00000048 00000000        DCD              isrC_main   ;18:  Modem TOPSM
   80 0000004C 00000000        DCD              isrC_main   ;19:  CM4 TOPSM
   81 00000050 00000000        DCD              isrC_main   ;20:  Reserved
   82 00000054 00000000        DCD              isrC_main   ;21:  Reserved
   83 00000058 00000000        DCD              isrC_main   ;22:  Reserved
   84 0000005C 00000000        DCD              isrC_main   ;23:  Reserved
   85 00000060 00000000        DCD              isrC_main   ;24:  Accessory Det
                                                            ector
   86 00000064 00000000        DCD              isrC_main   ;25:  RTC
   87 00000068 00000000        DCD              isrC_main   ;26:  Keypad
   88 0000006C 00000000        DCD              isrC_main   ;27:  General Purpo
                                                            se Timer
   89 00000070 00000000        DCD              isrC_main   ;28:  External Inte
                                                            rrupt
   90 00000074 00000000        DCD              isrC_main   ;29:  LCD
   91 00000078 00000000        DCD              isrC_main   ;30:  LCD AAL
   92 0000007C 00000000        DCD              isrC_main   ;31:  DSI
   93 00000080 00000000        DCD              isrC_main   ;32:  RESIZE
   94 00000084 00000000        DCD              isrC_main   ;33:  Graphics 2D
   95 00000088 00000000        DCD              isrC_main   ;34:  Camera
   96 0000008C 00000000        DCD              isrC_main   ;35:  ROT DMA
   97 00000090 00000000        DCD              isrC_main   ;36:  SCAM
   98 00000094 00000000        DCD              isrC_main   ;37:  DMA
   99 00000098 00000000        DCD              isrC_main   ;38:  DMA always on
                                                            
  100 0000009C 00000000        DCD              isrC_main   ;39:  I2C dual
  101 000000A0 00000000        DCD              isrC_main   ;40:  I2C0
  102 000000A4 00000000        DCD              isrC_main   ;41:  I2C1
  103 000000A8 00000000        DCD              isrC_main   ;42:  I2C2
  104 000000AC 00000000        DCD              isrC_main   ;43:  Reserved
  105 000000B0 00000000        DCD              isrC_main   ;44:  General Purpo
                                                            se Counter
  106 000000B4 00000000        DCD              isrC_main   ;45:  UART0
  107 000000B8 00000000        DCD              isrC_main   ;46:  UART1
  108 000000BC 00000000        DCD              isrC_main   ;47:  UART2
  109 000000C0 00000000        DCD              isrC_main   ;48:  UART3
  110 000000C4 00000000        DCD              isrC_main   ;49:  USB2.0
  111 000000C8 00000000        DCD              isrC_main   ;50:  MSDC0
  112 000000CC 00000000        DCD              isrC_main   ;51:  MSDC1
  113 000000D0 00000000        DCD              isrC_main   ;52:  Reserved
  114 000000D4 00000000        DCD              isrC_main   ;53:  Reserved
  115 000000D8 00000000        DCD              isrC_main   ;54:  Serial FLASH
  116 000000DC 00000000        DCD              isrC_main   ;55:  DSP22CPU
  117 000000E0 00000000        DCD              isrC_main   ;56:  Sensor DMA
  118 000000E4 00000000        DCD              isrC_main   ;57:  RGU
  119 000000E8 00000000        DCD              isrC_main   ;58:  SPI Slave



ARM Macro Assembler    Page 4 


  120 000000EC 00000000        DCD              isrC_main   ;59:  SPI Master0
  121 000000F0 00000000        DCD              isrC_main   ;60:  SPI Master1
  122 000000F4 00000000        DCD              isrC_main   ;61:  SPI Master2
  123 000000F8 00000000        DCD              isrC_main   ;62:  SPI Master3
  124 000000FC 00000000        DCD              isrC_main   ;63:  TRNG
  125 00000100 00000000        DCD              isrC_main   ;64:  Bluetooth TIM
                                                            CON
  126 00000104 00000000        DCD              isrC_main   ;65:  Bluetooth IF
  127 00000108 00000000        DCD              isrC_main   ;66:  Reserved
  128 0000010C 00000000        DCD              isrC_main   ;67:  Reserved
  129 00000110 00000000        DCD              isrC_main   ;68:  LISR0
  130 00000114 00000000        DCD              isrC_main   ;69:  LISR1
  131 00000118 00000000        DCD              isrC_main   ;70:  LISR2
  132 0000011C 00000000        DCD              isrC_main   ;71:  LISR3
  133 00000120 00000000        DCD              isrC_main   ;72:  PSI Rise Edge
                                                            
  134 00000124 00000000        DCD              isrC_main   ;73:  PSI Fall Edge
                                                            
  135 00000128 00000000        DCD              isrC_main   ;74:  Reserved
  136 0000012C 00000000        DCD              isrC_main   ;75:  Reserved
  137 00000130 00000000        DCD              isrC_main   ;76:  PSI Fall Edge
                                                            
  138 00000134 00000000        DCD              isrC_main   ;77:  Reserved
  139 00000138 00000000        DCD              isrC_main   ;78:  Reserved
  140 0000013C 00000000        DCD              isrC_main   ;79:  Reserved
  141 00000140         
  142 00000140         
  143 00000140         __Vectors_End
  144 00000140         
  145 00000140 00000140 
                       __Vectors_Size
                               EQU              __Vectors_End - __Vectors
  146 00000140         
  147 00000140                 AREA             |.reset_handler|, CODE, READONL
Y
  148 00000000         
  149 00000000         
  150 00000000         ; Reset handler
  151 00000000         Reset_Handler
                               PROC
  152 00000000                 EXPORT           Reset_Handler             [WEAK
]
  153 00000000                 IMPORT           CachePreInit
  154 00000000                 IMPORT           SystemInit
  155 00000000                 IMPORT           __main
  156 00000000                 IMPORT           |Image$$STACK$$ZI$$Base|
  157 00000000                 IMPORT           |Image$$STACK$$ZI$$Limit|
  158 00000000         
  159 00000000         
  160 00000000         ;set stack pointer
  161 00000000 F8DF D048       LDR              SP, =|Image$$STACK$$ZI$$Limit|
  162 00000004         
  163 00000004         ;interrupt disable
  164 00000004 B672            CPSID            I
  165 00000006         
  166 00000006         ;preinit cache to accelerate region init progress
  167 00000006 4812            LDR              R0, =CachePreInit
  168 00000008 4780            BLX              R0
  169 0000000A         



ARM Macro Assembler    Page 5 


  170 0000000A         ;watch dog disable
  171 0000000A 4812            LDR              R0, =WDT_Base
  172 0000000C F44F 5108       LDR              R1, =WDT_Disable
  173 00000010 6001            STR              R1, [R0, #0]
  174 00000012         
  175 00000012         ;make virtual space available
  176 00000012 4811            LDR              R0, =Remap_Entry_HI0
  177 00000014 F04F 0100       LDR              R1, =Remap_Entry_LO0
  178 00000018 4A10            LDR              R2, =Remap_Base
  179 0000001A F842 0B04       STR              R0, [R2], #4
  180 0000001E 6011            STR              R1, [R2, #0]
  181 00000020         
  182 00000020         ;stack space zero init
  183 00000020 2000            MOVS             R0, #0
  184 00000022 490F            LDR              R1, =|Image$$STACK$$ZI$$Base|
  185 00000024 4A09            LDR              R2, =|Image$$STACK$$ZI$$Limit|
  186 00000026         FillZero
  187 00000026 F841 0B04       STR              R0, [R1], #4
  188 0000002A 4291            CMP              R1, R2
  189 0000002C D3FB            BCC              FillZero
  190 0000002E         
  191 0000002E         ;Call the clock system intitialization function
  192 0000002E 480D            LDR              R0, =SystemInit
  193 00000030 4780            BLX              R0
  194 00000032         
  195 00000032         ;Call the application's entry point
  196 00000032 480D            LDR              R0, =__main
  197 00000034 4700            BX               R0
  198 00000036 BF00            NOP
  199 00000038                 ENDP
  200 00000038         
  201 00000038         isrC_main
                               PROC
  202 00000038                 EXPORT           isrC_main                  [WEA
K]
  203 00000038 E7FE            B                .
  204 0000003A                 ENDP
  205 0000003A         
  206 0000003A         ; Dummy Exception Handlers (infinite loops which can be 
                       modified)
  207 0000003A         
  208 0000003A         NMI_Handler
                               PROC
  209 0000003A                 EXPORT           NMI_Handler                [WEA
K]
  210 0000003A E7FE            B                .
  211 0000003C                 ENDP
  213 0000003C         HardFault_Handler
                               PROC
  214 0000003C                 EXPORT           HardFault_Handler          [WEA
K]
  215 0000003C E7FE            B                .
  216 0000003E                 ENDP
  218 0000003E         MemManage_Handler
                               PROC
  219 0000003E                 EXPORT           MemManage_Handler          [WEA
K]
  220 0000003E E7FE            B                .
  221 00000040                 ENDP



ARM Macro Assembler    Page 6 


  223 00000040         BusFault_Handler
                               PROC
  224 00000040                 EXPORT           BusFault_Handler           [WEA
K]
  225 00000040 E7FE            B                .
  226 00000042                 ENDP
  228 00000042         UsageFault_Handler
                               PROC
  229 00000042                 EXPORT           UsageFault_Handler         [WEA
K]
  230 00000042 E7FE            B                .
  231 00000044                 ENDP
  232 00000044         SVC_Handler
                               PROC
  233 00000044                 EXPORT           SVC_Handler                [WEA
K]
  234 00000044 E7FE            B                .
  235 00000046                 ENDP
  237 00000046         DebugMon_Handler
                               PROC
  238 00000046                 EXPORT           DebugMon_Handler           [WEA
K]
  239 00000046 E7FE            B                .
  240 00000048                 ENDP
  241 00000048         PendSV_Handler
                               PROC
  242 00000048                 EXPORT           PendSV_Handler             [WEA
K]
  243 00000048 E7FE            B                .
  244 0000004A                 ENDP
  245 0000004A         SysTick_Handler
                               PROC
  246 0000004A                 EXPORT           SysTick_Handler            [WEA
K]
  247 0000004A E7FE            B                .
  248 0000004C                 ENDP
  249 0000004C         
  250 0000004C                 ALIGN
  251 0000004C         
  252 0000004C         ;*******************************************************
                       ************************
  253 0000004C         ; User Stack and Heap initialization
  254 0000004C         ;*******************************************************
                       ************************
  255 0000004C                 IF               :DEF:__MICROLIB
  256 0000004C         
  257 0000004C                 EXPORT           __initial_sp
  258 0000004C         
  259 0000004C                 ELSE
  274                          ENDIF
  275 0000004C         
  276 0000004C                 END
              00000000 
              00000000 
              A2050000 
              10000023 
              A0881000 
              00000000 
              00000000 



ARM Macro Assembler    Page 7 


              00000000 
Command Line: --debug --xref --diag_suppress=9931 --cpu=Cortex-M4.fp --apcs=int
erwork --depend=..\..\..\..\..\out_keil\mt2523_hdk\gnss_get_location\startup_mt
2523.d -o..\..\..\..\..\out_keil\mt2523_hdk\gnss_get_location\startup_mt2523.o 
-ID:\研究生\项目\MT2523\LinkIt_SDK_V4.6.1_public\project\mt2523_hdk\apps\gnss_g
et_location\MDK-ARM\RTE -IF:\MDK5\ARM\PACK\MediaTek\MTx\4.6.1 -IF:\MDK5\ARM\CMS
IS\Include -IF:\MDK5\ARM\PACK\MediaTek\MTx\4.6.1\driver\CMSIS\Device\MTK\mt2523
\Include --predefine="__MICROLIB SETA 1" --predefine="__UVISION_VERSION SETA 51
4" --list=..\..\..\..\..\out_keil\mt2523_hdk\iot_sdk_demo\startup_mt2523.lst st
artup_mt2523.s



ARM Macro Assembler    Page 1 Alphabetic symbol ordering
Relocatable symbols

STACK 00000000

Symbol: STACK
   Definitions
      At line 38 in file startup_mt2523.s
   Uses
      None
Comment: STACK unused
Stack_Mem 00000000

Symbol: Stack_Mem
   Definitions
      At line 39 in file startup_mt2523.s
   Uses
      None
Comment: Stack_Mem unused
__initial_sp 00001000

Symbol: __initial_sp
   Definitions
      At line 40 in file startup_mt2523.s
   Uses
      At line 59 in file startup_mt2523.s
      At line 257 in file startup_mt2523.s

3 symbols



ARM Macro Assembler    Page 1 Alphabetic symbol ordering
Relocatable symbols

.isr_vector 00000000

Symbol: .isr_vector
   Definitions
      At line 54 in file startup_mt2523.s
   Uses
      None
Comment: .isr_vector unused
__Vectors 00000000

Symbol: __Vectors
   Definitions
      At line 59 in file startup_mt2523.s
   Uses
      At line 55 in file startup_mt2523.s
      At line 145 in file startup_mt2523.s

__Vectors_End 00000140

Symbol: __Vectors_End
   Definitions
      At line 143 in file startup_mt2523.s
   Uses
      At line 56 in file startup_mt2523.s
      At line 145 in file startup_mt2523.s

3 symbols



ARM Macro Assembler    Page 1 Alphabetic symbol ordering
Relocatable symbols

.reset_handler 00000000

Symbol: .reset_handler
   Definitions
      At line 147 in file startup_mt2523.s
   Uses
      None
Comment: .reset_handler unused
BusFault_Handler 00000040

Symbol: BusFault_Handler
   Definitions
      At line 223 in file startup_mt2523.s
   Uses
      At line 64 in file startup_mt2523.s
      At line 224 in file startup_mt2523.s

DebugMon_Handler 00000046

Symbol: DebugMon_Handler
   Definitions
      At line 237 in file startup_mt2523.s
   Uses
      At line 71 in file startup_mt2523.s
      At line 238 in file startup_mt2523.s

FillZero 00000026

Symbol: FillZero
   Definitions
      At line 186 in file startup_mt2523.s
   Uses
      At line 189 in file startup_mt2523.s
Comment: FillZero used once
HardFault_Handler 0000003C

Symbol: HardFault_Handler
   Definitions
      At line 213 in file startup_mt2523.s
   Uses
      At line 62 in file startup_mt2523.s
      At line 214 in file startup_mt2523.s

MemManage_Handler 0000003E

Symbol: MemManage_Handler
   Definitions
      At line 218 in file startup_mt2523.s
   Uses
      At line 63 in file startup_mt2523.s
      At line 219 in file startup_mt2523.s

NMI_Handler 0000003A

Symbol: NMI_Handler
   Definitions
      At line 208 in file startup_mt2523.s
   Uses
      At line 61 in file startup_mt2523.s



ARM Macro Assembler    Page 2 Alphabetic symbol ordering
Relocatable symbols

      At line 209 in file startup_mt2523.s

PendSV_Handler 00000048

Symbol: PendSV_Handler
   Definitions
      At line 241 in file startup_mt2523.s
   Uses
      At line 73 in file startup_mt2523.s
      At line 242 in file startup_mt2523.s

Reset_Handler 00000000

Symbol: Reset_Handler
   Definitions
      At line 151 in file startup_mt2523.s
   Uses
      At line 60 in file startup_mt2523.s
      At line 152 in file startup_mt2523.s

SVC_Handler 00000044

Symbol: SVC_Handler
   Definitions
      At line 232 in file startup_mt2523.s
   Uses
      At line 70 in file startup_mt2523.s
      At line 233 in file startup_mt2523.s

SysTick_Handler 0000004A

Symbol: SysTick_Handler
   Definitions
      At line 245 in file startup_mt2523.s
   Uses
      At line 74 in file startup_mt2523.s
      At line 246 in file startup_mt2523.s

UsageFault_Handler 00000042

Symbol: UsageFault_Handler
   Definitions
      At line 228 in file startup_mt2523.s
   Uses
      At line 65 in file startup_mt2523.s
      At line 229 in file startup_mt2523.s

isrC_main 00000038

Symbol: isrC_main
   Definitions
      At line 201 in file startup_mt2523.s
   Uses
      At line 77 in file startup_mt2523.s
      At line 78 in file startup_mt2523.s
      At line 79 in file startup_mt2523.s
      At line 80 in file startup_mt2523.s
      At line 81 in file startup_mt2523.s
      At line 82 in file startup_mt2523.s



ARM Macro Assembler    Page 3 Alphabetic symbol ordering
Relocatable symbols

      At line 83 in file startup_mt2523.s
      At line 84 in file startup_mt2523.s
      At line 85 in file startup_mt2523.s
      At line 86 in file startup_mt2523.s
      At line 87 in file startup_mt2523.s
      At line 88 in file startup_mt2523.s
      At line 89 in file startup_mt2523.s
      At line 90 in file startup_mt2523.s
      At line 91 in file startup_mt2523.s
      At line 92 in file startup_mt2523.s
      At line 93 in file startup_mt2523.s
      At line 94 in file startup_mt2523.s
      At line 95 in file startup_mt2523.s
      At line 96 in file startup_mt2523.s
      At line 97 in file startup_mt2523.s
      At line 98 in file startup_mt2523.s
      At line 99 in file startup_mt2523.s
      At line 100 in file startup_mt2523.s
      At line 101 in file startup_mt2523.s
      At line 102 in file startup_mt2523.s
      At line 103 in file startup_mt2523.s
      At line 104 in file startup_mt2523.s
      At line 105 in file startup_mt2523.s
      At line 106 in file startup_mt2523.s
      At line 107 in file startup_mt2523.s
      At line 108 in file startup_mt2523.s
      At line 109 in file startup_mt2523.s
      At line 110 in file startup_mt2523.s
      At line 111 in file startup_mt2523.s
      At line 112 in file startup_mt2523.s
      At line 113 in file startup_mt2523.s
      At line 114 in file startup_mt2523.s
      At line 115 in file startup_mt2523.s
      At line 116 in file startup_mt2523.s
      At line 117 in file startup_mt2523.s
      At line 118 in file startup_mt2523.s
      At line 119 in file startup_mt2523.s
      At line 120 in file startup_mt2523.s
      At line 121 in file startup_mt2523.s
      At line 122 in file startup_mt2523.s
      At line 123 in file startup_mt2523.s
      At line 124 in file startup_mt2523.s
      At line 125 in file startup_mt2523.s
      At line 126 in file startup_mt2523.s
      At line 127 in file startup_mt2523.s
      At line 128 in file startup_mt2523.s
      At line 129 in file startup_mt2523.s
      At line 130 in file startup_mt2523.s
      At line 131 in file startup_mt2523.s
      At line 132 in file startup_mt2523.s
      At line 133 in file startup_mt2523.s
      At line 134 in file startup_mt2523.s
      At line 135 in file startup_mt2523.s
      At line 136 in file startup_mt2523.s
      At line 137 in file startup_mt2523.s
      At line 138 in file startup_mt2523.s
      At line 139 in file startup_mt2523.s
      At line 140 in file startup_mt2523.s
      At line 202 in file startup_mt2523.s



ARM Macro Assembler    Page 4 Alphabetic symbol ordering
Relocatable symbols


13 symbols



ARM Macro Assembler    Page 1 Alphabetic symbol ordering
Absolute symbols

Remap_Base A0881000

Symbol: Remap_Base
   Definitions
      At line 45 in file startup_mt2523.s
   Uses
      At line 178 in file startup_mt2523.s
Comment: Remap_Base used once
Remap_Entry_HI0 10000023

Symbol: Remap_Entry_HI0
   Definitions
      At line 46 in file startup_mt2523.s
   Uses
      At line 176 in file startup_mt2523.s
Comment: Remap_Entry_HI0 used once
Remap_Entry_LO0 00000000

Symbol: Remap_Entry_LO0
   Definitions
      At line 47 in file startup_mt2523.s
   Uses
      At line 177 in file startup_mt2523.s
Comment: Remap_Entry_LO0 used once
Stack_Size 00001000

Symbol: Stack_Size
   Definitions
      At line 36 in file startup_mt2523.s
   Uses
      At line 39 in file startup_mt2523.s
Comment: Stack_Size used once
WDT_Base A2050000

Symbol: WDT_Base
   Definitions
      At line 43 in file startup_mt2523.s
   Uses
      At line 171 in file startup_mt2523.s
Comment: WDT_Base used once
WDT_Disable 00002200

Symbol: WDT_Disable
   Definitions
      At line 44 in file startup_mt2523.s
   Uses
      At line 172 in file startup_mt2523.s
Comment: WDT_Disable used once
__Vectors_Size 00000140

Symbol: __Vectors_Size
   Definitions
      At line 145 in file startup_mt2523.s
   Uses
      At line 57 in file startup_mt2523.s
Comment: __Vectors_Size used once
7 symbols



ARM Macro Assembler    Page 1 Alphabetic symbol ordering
External symbols

CachePreInit 00000000

Symbol: CachePreInit
   Definitions
      At line 153 in file startup_mt2523.s
   Uses
      At line 167 in file startup_mt2523.s
Comment: CachePreInit used once
Image$$STACK$$ZI$$Base 00000000

Symbol: Image$$STACK$$ZI$$Base
   Definitions
      At line 156 in file startup_mt2523.s
   Uses
      At line 184 in file startup_mt2523.s
Comment: Image$$STACK$$ZI$$Base used once
Image$$STACK$$ZI$$Limit 00000000

Symbol: Image$$STACK$$ZI$$Limit
   Definitions
      At line 157 in file startup_mt2523.s
   Uses
      At line 161 in file startup_mt2523.s
      At line 185 in file startup_mt2523.s

SystemInit 00000000

Symbol: SystemInit
   Definitions
      At line 154 in file startup_mt2523.s
   Uses
      At line 192 in file startup_mt2523.s
Comment: SystemInit used once
__main 00000000

Symbol: __main
   Definitions
      At line 155 in file startup_mt2523.s
   Uses
      At line 196 in file startup_mt2523.s
Comment: __main used once
5 symbols
366 symbols in table
